3/19/2015 23:28:57 - [system] Logs initialized successfully.
3/19/2015 23:28:57 - [system] Window initialized successfully.
3/19/2015 23:28:57 - [system] World commands initialized successfully.
3/19/2015 23:28:57 - [system] World messages initialized successfully.
3/19/2015 23:28:57 - [system] World channels initialized successfully.
3/19/2015 23:28:57 - [system] Listen socket initialized successfully.
3/19/2015 23:28:57 - [system] Heartbeat timer created.
3/19/2015 23:28:57 - [system] Heartbeat timer set.
3/19/2015 23:28:57 - [system] Game loop init
3/20/2015 1:31:19 - [system] Logs initialized successfully.
3/20/2015 1:31:19 - [system] Window initialized successfully.
3/20/2015 1:31:19 - [system] World commands initialized successfully.
3/20/2015 1:31:19 - [system] World messages initialized successfully.
3/20/2015 1:31:19 - [system] World channels initialized successfully.
3/20/2015 1:31:19 - [system] Listen socket initialized successfully.
3/20/2015 1:31:19 - [system] Heartbeat timer created.
3/20/2015 1:31:19 - [system] Heartbeat timer set.
3/20/2015 1:31:19 - [system] Game loop init
3/20/2015 1:33:37 - [system] Logs initialized successfully.
3/20/2015 1:33:37 - [system] Window initialized successfully.
3/20/2015 1:33:37 - [system] World commands initialized successfully.
3/20/2015 1:33:37 - [system] World messages initialized successfully.
3/20/2015 1:33:37 - [system] World channels initialized successfully.
3/20/2015 1:33:37 - [system] Listen socket initialized successfully.
3/20/2015 1:33:37 - [system] Heartbeat timer created.
3/20/2015 1:33:37 - [system] Heartbeat timer set.
3/20/2015 1:33:37 - [system] Game loop init
3/20/2015 2:4:2 - [system] Logs initialized successfully.
3/20/2015 2:4:2 - [system] Window initialized successfully.
3/20/2015 2:4:2 - [system] World commands initialized successfully.
3/20/2015 2:4:2 - [system] World messages initialized successfully.
3/20/2015 2:4:2 - [system] World channels initialized successfully.
3/20/2015 2:4:2 - [system] Listen socket initialized successfully.
3/20/2015 2:4:2 - [system] Heartbeat timer created.
3/20/2015 2:4:2 - [system] Heartbeat timer set.
3/20/2015 2:4:2 - [system] Game loop init
3/20/2015 2:12:38 - [system] Logs initialized successfully.
3/20/2015 2:12:38 - [system] Window initialized successfully.
3/20/2015 2:12:38 - [system] World commands initialized successfully.
3/20/2015 2:12:38 - [system] World messages initialized successfully.
3/20/2015 2:12:38 - [system] World channels initialized successfully.
3/20/2015 2:12:38 - [system] Listen socket initialized successfully.
3/20/2015 2:12:38 - [system] Heartbeat timer created.
3/20/2015 2:12:38 - [system] Heartbeat timer set.
3/20/2015 2:12:38 - [system] Game loop init
3/20/2015 2:16:9 - [system] Logs initialized successfully.
3/20/2015 2:16:9 - [system] Window initialized successfully.
3/20/2015 2:16:9 - [system] World commands initialized successfully.
3/20/2015 2:16:9 - [system] World messages initialized successfully.
3/20/2015 2:16:9 - [system] World channels initialized successfully.
3/20/2015 2:16:9 - [system] Listen socket initialized successfully.
3/20/2015 2:16:9 - [system] Heartbeat timer created.
3/20/2015 2:16:9 - [system] Heartbeat timer set.
3/20/2015 2:16:9 - [system] Game loop init
3/20/2015 16:6:23 - [system] Logs initialized successfully.
3/20/2015 16:6:23 - [system] Window initialized successfully.
3/20/2015 16:6:23 - [system] World commands initialized successfully.
3/20/2015 16:6:23 - [system] World messages initialized successfully.
3/20/2015 16:6:23 - [system] World channels initialized successfully.
3/20/2015 16:6:23 - [system] Listen socket initialized successfully.
3/20/2015 16:6:23 - [system] Heartbeat timer created.
3/20/2015 16:6:23 - [system] Heartbeat timer set.
3/20/2015 16:6:23 - [system] Game loop init
3/20/2015 16:13:25 - [system] Logs initialized successfully.
3/20/2015 16:13:25 - [system] Window initialized successfully.
3/20/2015 16:13:25 - [system] World commands initialized successfully.
3/20/2015 16:13:25 - [system] World messages initialized successfully.
3/20/2015 16:13:25 - [system] World channels initialized successfully.
3/20/2015 16:13:25 - [system] Listen socket initialized successfully.
3/20/2015 16:13:25 - [system] Heartbeat timer created.
3/20/2015 16:13:25 - [system] Heartbeat timer set.
3/20/2015 16:13:25 - [system] Game loop init
3/20/2015 21:9:0 - [system] Logs initialized successfully.
3/20/2015 21:9:0 - [system] Window initialized successfully.
3/20/2015 21:9:0 - [system] World commands initialized successfully.
3/20/2015 21:9:0 - [system] World messages initialized successfully.
3/20/2015 21:9:0 - [system] World channels initialized successfully.
3/20/2015 21:9:0 - [system] Listen socket initialized successfully.
3/20/2015 21:9:0 - [system] Heartbeat timer created.
3/20/2015 21:9:0 - [system] Heartbeat timer set.
3/20/2015 21:9:0 - [system] Game loop init
3/20/2015 21:10:13 - [system] Logs initialized successfully.
3/20/2015 21:10:13 - [system] Window initialized successfully.
3/20/2015 21:10:13 - [system] World commands initialized successfully.
3/20/2015 21:10:13 - [system] World messages initialized successfully.
3/20/2015 21:10:13 - [system] World channels initialized successfully.
3/20/2015 21:10:13 - [system] Listen socket initialized successfully.
3/20/2015 21:10:13 - [system] Heartbeat timer created.
3/20/2015 21:10:14 - [system] Heartbeat timer set.
3/20/2015 21:10:14 - [system] Game loop init
3/20/2015 21:18:50 - [system] Logs initialized successfully.
3/20/2015 21:18:50 - [system] Window initialized successfully.
3/20/2015 21:18:50 - [system] World commands initialized successfully.
3/20/2015 21:18:50 - [system] World messages initialized successfully.
3/20/2015 21:18:50 - [system] World channels initialized successfully.
3/20/2015 21:18:50 - [system] Listen socket initialized successfully.
3/20/2015 21:18:50 - [system] Heartbeat timer created.
3/20/2015 21:18:50 - [system] Heartbeat timer set.
3/20/2015 21:18:50 - [system] Game loop init
3/20/2015 21:24:56 - [system] Logs initialized successfully.
3/20/2015 21:24:56 - [system] Window initialized successfully.
3/20/2015 21:24:56 - [system] World commands initialized successfully.
3/20/2015 21:24:56 - [system] World messages initialized successfully.
3/20/2015 21:24:56 - [system] World channels initialized successfully.
3/20/2015 21:24:56 - [system] Listen socket initialized successfully.
3/20/2015 21:24:56 - [system] Heartbeat timer created.
3/20/2015 21:24:56 - [system] Heartbeat timer set.
3/20/2015 21:24:56 - [system] Game loop init
3/20/2015 21:41:44 - [system] Logs initialized successfully.
3/20/2015 21:41:44 - [system] Window initialized successfully.
3/20/2015 21:41:44 - [system] World commands initialized successfully.
3/20/2015 21:41:44 - [system] World messages initialized successfully.
3/20/2015 21:41:44 - [system] World channels initialized successfully.
3/20/2015 21:41:44 - [system] Listen socket initialized successfully.
3/20/2015 21:41:44 - [system] Heartbeat timer created.
3/20/2015 21:41:44 - [system] Heartbeat timer set.
3/20/2015 21:41:44 - [system] Game loop init
3/20/2015 23:53:25 - [system] Logs initialized successfully.
3/20/2015 23:53:25 - [system] Window initialized successfully.
3/20/2015 23:53:25 - [system] World commands initialized successfully.
3/20/2015 23:53:25 - [system] World messages initialized successfully.
3/20/2015 23:53:25 - [system] World channels initialized successfully.
3/20/2015 23:53:25 - [system] Listen socket initialized successfully.
3/20/2015 23:53:25 - [system] Heartbeat timer created.
3/20/2015 23:53:25 - [system] Heartbeat timer set.
3/20/2015 23:53:25 - [system] Game loop init
3/21/2015 0:15:6 - [system] Logs initialized successfully.
3/21/2015 0:15:6 - [system] Window initialized successfully.
3/21/2015 0:15:6 - [system] World commands initialized successfully.
3/21/2015 0:15:6 - [system] World messages initialized successfully.
3/21/2015 0:15:6 - [system] World channels initialized successfully.
3/21/2015 0:15:6 - [system] Listen socket initialized successfully.
3/21/2015 0:15:6 - [system] Heartbeat timer created.
3/21/2015 0:15:6 - [system] Heartbeat timer set.
3/21/2015 0:15:6 - [system] Game loop init
3/21/2015 0:22:11 - [system] Logs initialized successfully.
3/21/2015 0:22:11 - [system] Window initialized successfully.
3/21/2015 0:22:11 - [system] World commands initialized successfully.
3/21/2015 0:22:11 - [system] World messages initialized successfully.
3/21/2015 0:22:11 - [system] World channels initialized successfully.
3/21/2015 0:22:11 - [system] Listen socket initialized successfully.
3/21/2015 0:22:11 - [system] Heartbeat timer created.
3/21/2015 0:22:11 - [system] Heartbeat timer set.
3/21/2015 0:22:11 - [system] Game loop init
3/21/2015 0:25:43 - [system] Logs initialized successfully.
3/21/2015 0:25:43 - [system] Window initialized successfully.
3/21/2015 0:25:43 - [system] World commands initialized successfully.
3/21/2015 0:25:43 - [system] World messages initialized successfully.
3/21/2015 0:25:43 - [system] World channels initialized successfully.
3/21/2015 0:25:43 - [system] Listen socket initialized successfully.
3/21/2015 0:25:43 - [system] Heartbeat timer created.
3/21/2015 0:25:43 - [system] Heartbeat timer set.
3/21/2015 0:25:43 - [system] Game loop init
3/21/2015 1:13:0 - [system] Logs initialized successfully.
3/21/2015 1:13:0 - [system] Window initialized successfully.
3/21/2015 1:13:0 - [system] World commands initialized successfully.
3/21/2015 1:13:0 - [system] World messages initialized successfully.
3/21/2015 1:13:0 - [system] World channels initialized successfully.
3/21/2015 1:13:0 - [system] Listen socket initialized successfully.
3/21/2015 1:13:0 - [system] Heartbeat timer created.
3/21/2015 1:13:0 - [system] Heartbeat timer set.
3/21/2015 1:13:0 - [system] Game loop init
3/21/2015 1:13:56 - [system] Logs initialized successfully.
3/21/2015 1:13:56 - [system] Window initialized successfully.
3/21/2015 1:13:56 - [system] World commands initialized successfully.
3/21/2015 1:13:56 - [system] World messages initialized successfully.
3/21/2015 1:13:56 - [system] World channels initialized successfully.
3/21/2015 1:13:56 - [system] Listen socket initialized successfully.
3/21/2015 1:13:56 - [system] Heartbeat timer created.
3/21/2015 1:13:56 - [system] Heartbeat timer set.
3/21/2015 1:13:56 - [system] Game loop init
3/21/2015 1:16:3 - [system] Logs initialized successfully.
3/21/2015 1:16:3 - [system] Window initialized successfully.
3/21/2015 1:16:3 - [system] World commands initialized successfully.
3/21/2015 1:16:3 - [system] World messages initialized successfully.
3/21/2015 1:16:3 - [system] World channels initialized successfully.
3/21/2015 1:16:3 - [system] Listen socket initialized successfully.
3/21/2015 1:16:3 - [system] Heartbeat timer created.
3/21/2015 1:16:3 - [system] Heartbeat timer set.
3/21/2015 1:16:3 - [system] Game loop init
3/21/2015 15:30:21 - [system] Logs initialized successfully.
3/21/2015 15:30:21 - [system] Window initialized successfully.
3/21/2015 15:30:21 - [system] World commands initialized successfully.
3/21/2015 15:30:21 - [system] World messages initialized successfully.
3/21/2015 15:30:21 - [system] World channels initialized successfully.
3/21/2015 15:30:21 - [system] Listen socket initialized successfully.
3/21/2015 15:30:21 - [system] Heartbeat timer created.
3/21/2015 15:30:21 - [system] Heartbeat timer set.
3/21/2015 15:30:21 - [system] Game loop init
3/21/2015 15:56:48 - [system] Logs initialized successfully.
3/21/2015 15:56:48 - [system] Window initialized successfully.
3/21/2015 15:56:48 - [system] World commands initialized successfully.
3/21/2015 15:56:48 - [system] World messages initialized successfully.
3/21/2015 15:56:48 - [system] World channels initialized successfully.
3/21/2015 15:56:48 - [system] Listen socket initialized successfully.
3/21/2015 15:56:48 - [system] Heartbeat timer created.
3/21/2015 15:56:48 - [system] Heartbeat timer set.
3/21/2015 15:56:48 - [system] Game loop init
3/21/2015 16:1:58 - [system] Logs initialized successfully.
3/21/2015 16:1:58 - [system] Window initialized successfully.
3/21/2015 16:1:58 - [system] World commands initialized successfully.
3/21/2015 16:1:58 - [system] World messages initialized successfully.
3/21/2015 16:1:58 - [system] World channels initialized successfully.
3/21/2015 16:1:58 - [system] Listen socket initialized successfully.
3/21/2015 16:1:58 - [system] Heartbeat timer created.
3/21/2015 16:1:58 - [system] Heartbeat timer set.
3/21/2015 16:1:58 - [system] Game loop init
3/21/2015 16:2:54 - [system] Logs initialized successfully.
3/21/2015 16:2:54 - [system] Window initialized successfully.
3/21/2015 16:2:54 - [system] World commands initialized successfully.
3/21/2015 16:2:54 - [system] World messages initialized successfully.
3/21/2015 16:2:54 - [system] World channels initialized successfully.
3/21/2015 16:2:54 - [system] Listen socket initialized successfully.
3/21/2015 16:2:54 - [system] Heartbeat timer created.
3/21/2015 16:2:54 - [system] Heartbeat timer set.
3/21/2015 16:2:54 - [system] Game loop init
3/21/2015 16:6:17 - [system] Logs initialized successfully.
3/21/2015 16:6:17 - [system] Window initialized successfully.
3/21/2015 16:6:17 - [system] World commands initialized successfully.
3/21/2015 16:6:17 - [system] World messages initialized successfully.
3/21/2015 16:6:17 - [system] World channels initialized successfully.
3/21/2015 16:6:17 - [system] Listen socket initialized successfully.
3/21/2015 16:6:17 - [system] Heartbeat timer created.
3/21/2015 16:6:17 - [system] Heartbeat timer set.
3/21/2015 16:6:17 - [system] Game loop init
3/21/2015 16:10:35 - [system] Logs initialized successfully.
3/21/2015 16:10:35 - [system] Window initialized successfully.
3/21/2015 16:10:35 - [system] World commands initialized successfully.
3/21/2015 16:10:35 - [system] World messages initialized successfully.
3/21/2015 16:10:35 - [system] World channels initialized successfully.
3/21/2015 16:10:35 - [system] Listen socket initialized successfully.
3/21/2015 16:10:35 - [system] Heartbeat timer created.
3/21/2015 16:10:35 - [system] Heartbeat timer set.
3/21/2015 16:10:35 - [system] Game loop init
3/21/2015 16:12:32 - [system] Logs initialized successfully.
3/21/2015 16:12:32 - [system] Window initialized successfully.
3/21/2015 16:12:32 - [system] World commands initialized successfully.
3/21/2015 16:12:32 - [system] World messages initialized successfully.
3/21/2015 16:12:32 - [system] World channels initialized successfully.
3/21/2015 16:12:32 - [system] Listen socket initialized successfully.
3/21/2015 16:12:32 - [system] Heartbeat timer created.
3/21/2015 16:12:32 - [system] Heartbeat timer set.
3/21/2015 16:12:32 - [system] Game loop init
3/21/2015 16:13:54 - [system] Logs initialized successfully.
3/21/2015 16:13:54 - [system] Window initialized successfully.
3/21/2015 16:13:54 - [system] World commands initialized successfully.
3/21/2015 16:13:54 - [system] World messages initialized successfully.
3/21/2015 16:13:54 - [system] World channels initialized successfully.
3/21/2015 16:13:54 - [system] Listen socket initialized successfully.
3/21/2015 16:13:54 - [system] Heartbeat timer created.
3/21/2015 16:13:54 - [system] Heartbeat timer set.
3/21/2015 16:13:54 - [system] Game loop init
3/21/2015 16:14:29 - [system] Logs initialized successfully.
3/21/2015 16:15:2 - [system] Logs initialized successfully.
3/21/2015 16:15:9 - [system] Window initialized successfully.
3/21/2015 16:15:9 - [system] World commands initialized successfully.
3/21/2015 16:15:9 - [system] World messages initialized successfully.
3/21/2015 16:15:9 - [system] World channels initialized successfully.
3/21/2015 16:15:9 - [system] Listen socket initialized successfully.
3/21/2015 16:15:9 - [system] Heartbeat timer created.
3/21/2015 16:15:9 - [system] Heartbeat timer set.
3/21/2015 16:15:9 - [system] Game loop init
3/21/2015 16:21:3 - [system] Logs initialized successfully.
3/21/2015 16:21:3 - [system] Window initialized successfully.
3/21/2015 16:21:3 - [system] World commands initialized successfully.
3/21/2015 16:21:3 - [system] World messages initialized successfully.
3/21/2015 16:21:3 - [system] World channels initialized successfully.
3/21/2015 16:21:3 - [system] Listen socket initialized successfully.
3/21/2015 16:21:3 - [system] Heartbeat timer created.
3/21/2015 16:21:3 - [system] Heartbeat timer set.
3/21/2015 16:21:3 - [system] Game loop init
3/21/2015 16:26:29 - [system] Logs initialized successfully.
3/21/2015 16:26:29 - [system] Window initialized successfully.
3/21/2015 16:26:29 - [system] World commands initialized successfully.
3/21/2015 16:26:29 - [system] World messages initialized successfully.
3/21/2015 16:26:29 - [system] World channels initialized successfully.
3/21/2015 16:26:29 - [system] Listen socket initialized successfully.
3/21/2015 16:26:29 - [system] Heartbeat timer created.
3/21/2015 16:26:29 - [system] Heartbeat timer set.
3/21/2015 16:26:29 - [system] Game loop init
3/21/2015 16:33:36 - [system] Logs initialized successfully.
3/21/2015 16:33:36 - [system] Window initialized successfully.
3/21/2015 16:33:36 - [system] World commands initialized successfully.
3/21/2015 16:33:36 - [system] World messages initialized successfully.
3/21/2015 16:33:36 - [system] World channels initialized successfully.
3/21/2015 16:33:36 - [system] Listen socket initialized successfully.
3/21/2015 16:33:36 - [system] Heartbeat timer created.
3/21/2015 16:33:36 - [system] Heartbeat timer set.
3/21/2015 16:33:36 - [system] Game loop init
3/21/2015 16:50:4 - [system] Logs initialized successfully.
3/21/2015 16:50:4 - [system] Window initialized successfully.
3/21/2015 16:50:4 - [system] World commands initialized successfully.
3/21/2015 16:50:4 - [system] World messages initialized successfully.
3/21/2015 16:50:4 - [system] World channels initialized successfully.
3/21/2015 16:50:4 - [system] Listen socket initialized successfully.
3/21/2015 16:50:4 - [system] Heartbeat timer created.
3/21/2015 16:50:4 - [system] Heartbeat timer set.
3/21/2015 16:50:4 - [system] Game loop init
3/21/2015 17:4:28 - [system] Logs initialized successfully.
3/21/2015 17:4:28 - [system] Window initialized successfully.
3/21/2015 17:4:28 - [system] World commands initialized successfully.
3/21/2015 17:4:28 - [system] World messages initialized successfully.
3/21/2015 17:4:28 - [system] World channels initialized successfully.
3/21/2015 17:4:28 - [system] Listen socket initialized successfully.
3/21/2015 17:4:28 - [system] Heartbeat timer created.
3/21/2015 17:4:28 - [system] Heartbeat timer set.
3/21/2015 17:4:28 - [system] Game loop init
3/21/2015 17:6:34 - [system] Logs initialized successfully.
3/21/2015 17:6:35 - [system] Window initialized successfully.
3/21/2015 17:6:35 - [system] World commands initialized successfully.
3/21/2015 17:6:35 - [system] World messages initialized successfully.
3/21/2015 17:6:35 - [system] World channels initialized successfully.
3/21/2015 17:6:35 - [system] Listen socket initialized successfully.
3/21/2015 17:6:35 - [system] Heartbeat timer created.
3/21/2015 17:6:35 - [system] Heartbeat timer set.
3/21/2015 17:6:35 - [system] Game loop init
3/21/2015 17:35:5 - [system] Logs initialized successfully.
3/21/2015 17:35:5 - [system] Window initialized successfully.
3/21/2015 17:35:5 - [system] World commands initialized successfully.
3/21/2015 17:35:5 - [system] World messages initialized successfully.
3/21/2015 17:35:5 - [system] World channels initialized successfully.
3/21/2015 17:35:5 - [system] Listen socket initialized successfully.
3/21/2015 17:35:5 - [system] Heartbeat timer created.
3/21/2015 17:35:5 - [system] Heartbeat timer set.
3/21/2015 17:35:5 - [system] Game loop init
3/21/2015 17:59:12 - [system] Logs initialized successfully.
3/21/2015 17:59:12 - [system] Window initialized successfully.
3/21/2015 17:59:12 - [system] World commands initialized successfully.
3/21/2015 17:59:12 - [system] World messages initialized successfully.
3/21/2015 17:59:12 - [system] World channels initialized successfully.
3/21/2015 17:59:12 - [system] Init took:  0.114134
3/21/2015 17:59:12 - [system] Listen socket initialized successfully.
3/21/2015 17:59:12 - [system] Heartbeat timer created.
3/21/2015 17:59:12 - [system] Heartbeat timer set.
3/21/2015 17:59:12 - [system] Game loop init
3/21/2015 18:4:1 - [system] Logs initialized successfully.
3/21/2015 18:4:1 - [system] Window initialized successfully.
3/21/2015 18:4:1 - [system] World commands initialized successfully.
3/21/2015 18:4:1 - [system] World messages initialized successfully.
3/21/2015 18:4:1 - [system] World channels initialized successfully.
3/21/2015 18:4:1 - [system] Init took:  0.145180
3/21/2015 18:4:1 - [system] Listen socket initialized successfully.
3/21/2015 18:4:1 - [system] Heartbeat timer created.
3/21/2015 18:4:1 - [system] Heartbeat timer set.
3/21/2015 18:4:1 - [system] Game loop init
3/21/2015 18:4:40 - [system] Logs initialized successfully.
3/21/2015 18:4:40 - [system] Window initialized successfully.
3/21/2015 18:4:40 - [system] World commands initialized successfully.
3/21/2015 18:4:40 - [system] World messages initialized successfully.
3/21/2015 18:4:40 - [system] World channels initialized successfully.
3/21/2015 18:4:40 - [system] Init took:  0.112141
3/21/2015 18:4:40 - [system] Listen socket initialized successfully.
3/21/2015 18:4:40 - [system] Heartbeat timer created.
3/21/2015 18:4:40 - [system] Heartbeat timer set.
3/21/2015 18:4:40 - [system] Game loop init
3/21/2015 18:16:30 - [system] Logs initialized successfully.
3/21/2015 18:16:30 - [system] Window initialized successfully.
3/21/2015 18:16:30 - [system] World commands initialized successfully.
3/21/2015 18:16:30 - [system] World messages initialized successfully.
3/21/2015 18:16:30 - [system] World channels initialized successfully.
3/21/2015 18:16:30 - [system] Init took:  0.117136
3/21/2015 18:16:30 - [system] Listen socket initialized successfully.
3/21/2015 18:16:30 - [system] Heartbeat timer created.
3/21/2015 18:16:30 - [system] Heartbeat timer set.
3/21/2015 18:16:30 - [system] Game loop init
3/21/2015 18:16:58 - [system] Logs initialized successfully.
3/21/2015 18:16:58 - [system] Window initialized successfully.
3/21/2015 18:16:58 - [system] World commands initialized successfully.
3/21/2015 18:16:58 - [system] World messages initialized successfully.
3/21/2015 18:16:58 - [system] World channels initialized successfully.
3/21/2015 18:16:58 - [system] Init took:  0.115134
3/21/2015 18:16:58 - [system] Listen socket initialized successfully.
3/21/2015 18:16:58 - [system] Heartbeat timer created.
3/21/2015 18:16:58 - [system] Heartbeat timer set.
3/21/2015 18:16:58 - [system] Game loop init
3/21/2015 18:17:30 - [system] Logs initialized successfully.
3/21/2015 18:17:30 - [system] Window initialized successfully.
3/21/2015 18:17:30 - [system] World commands initialized successfully.
3/21/2015 18:17:30 - [system] World messages initialized successfully.
3/21/2015 18:17:30 - [system] World channels initialized successfully.
3/21/2015 18:17:30 - [system] Init took:  0.133166
3/21/2015 18:17:30 - [system] Listen socket initialized successfully.
3/21/2015 18:17:30 - [system] Heartbeat timer created.
3/21/2015 18:17:30 - [system] Heartbeat timer set.
3/21/2015 18:17:30 - [system] Game loop init
3/21/2015 18:18:18 - [system] Logs initialized successfully.
3/21/2015 18:18:18 - [system] Window initialized successfully.
3/21/2015 18:18:18 - [system] World commands initialized successfully.
3/21/2015 18:18:18 - [system] World messages initialized successfully.
3/21/2015 18:18:18 - [system] World channels initialized successfully.
3/21/2015 18:18:18 - [system] Init took:  0.112141
3/21/2015 18:18:18 - [system] Listen socket initialized successfully.
3/21/2015 18:18:18 - [system] Heartbeat timer created.
3/21/2015 18:18:18 - [system] Heartbeat timer set.
3/21/2015 18:18:18 - [system] Game loop init
3/21/2015 18:20:57 - [system] Logs initialized successfully.
3/21/2015 18:20:58 - [system] Window initialized successfully.
3/21/2015 18:20:58 - [system] World commands initialized successfully.
3/21/2015 18:20:58 - [system] World messages initialized successfully.
3/21/2015 18:20:58 - [system] World channels initialized successfully.
3/21/2015 18:20:58 - [system] Init took:  0.106133
3/21/2015 18:20:58 - [system] Listen socket initialized successfully.
3/21/2015 18:20:58 - [system] Heartbeat timer created.
3/21/2015 18:20:58 - [system] Heartbeat timer set.
3/21/2015 18:20:58 - [system] Game loop init
3/21/2015 18:22:22 - [system] Logs initialized successfully.
3/21/2015 18:22:22 - [system] Window initialized successfully.
3/21/2015 18:22:22 - [system] World commands initialized successfully.
3/21/2015 18:22:22 - [system] World messages initialized successfully.
3/21/2015 18:22:22 - [system] World channels initialized successfully.
3/21/2015 18:22:22 - [system] Init took:  0.107131
3/21/2015 18:22:22 - [system] Listen socket initialized successfully.
3/21/2015 18:22:22 - [system] Heartbeat timer created.
3/21/2015 18:22:22 - [system] Heartbeat timer set.
3/21/2015 18:22:22 - [system] Game loop init
3/21/2015 18:24:51 - [system] Logs initialized successfully.
3/21/2015 18:24:51 - [system] Window initialized successfully.
3/21/2015 18:24:51 - [system] World commands initialized successfully.
3/21/2015 18:24:51 - [system] World messages initialized successfully.
3/21/2015 18:24:51 - [system] World channels initialized successfully.
3/21/2015 18:24:51 - [system] Init took:  0.116147
3/21/2015 18:24:51 - [system] Listen socket initialized successfully.
3/21/2015 18:24:51 - [system] Heartbeat timer created.
3/21/2015 18:24:51 - [system] Heartbeat timer set.
3/21/2015 18:24:51 - [system] Game loop init
3/21/2015 18:25:39 - [system] Logs initialized successfully.
3/21/2015 18:25:39 - [system] Window initialized successfully.
3/21/2015 18:25:39 - [system] World commands initialized successfully.
3/21/2015 18:25:39 - [system] World messages initialized successfully.
3/21/2015 18:25:39 - [system] World channels initialized successfully.
3/21/2015 18:25:39 - [system] Init took:  0.115134
3/21/2015 18:25:39 - [system] Listen socket initialized successfully.
3/21/2015 18:25:39 - [system] Heartbeat timer created.
3/21/2015 18:25:39 - [system] Heartbeat timer set.
3/21/2015 18:25:39 - [system] Game loop init
3/21/2015 18:30:58 - [system] Logs initialized successfully.
3/21/2015 18:30:58 - [system] Window initialized successfully.
3/21/2015 18:30:58 - [system] World commands initialized successfully.
3/21/2015 18:30:58 - [system] World messages initialized successfully.
3/21/2015 18:30:58 - [system] World channels initialized successfully.
3/21/2015 18:30:58 - [system] Init took:  0.159200
3/21/2015 18:30:58 - [system] Listen socket initialized successfully.
3/21/2015 18:30:58 - [system] Heartbeat timer created.
3/21/2015 18:30:58 - [system] Heartbeat timer set.
3/21/2015 18:30:58 - [system] Game loop init
3/21/2015 18:38:59 - [system] Logs initialized successfully.
3/21/2015 18:38:59 - [system] Window initialized successfully.
3/21/2015 18:38:59 - [system] World commands initialized successfully.
3/21/2015 18:38:59 - [system] World messages initialized successfully.
3/21/2015 18:38:59 - [system] World channels initialized successfully.
3/21/2015 18:38:59 - [system] Init took:  0.109137
3/21/2015 18:38:59 - [system] Listen socket initialized successfully.
3/21/2015 18:38:59 - [system] Heartbeat timer created.
3/21/2015 18:38:59 - [system] Heartbeat timer set.
3/21/2015 18:38:59 - [system] Game loop init
3/21/2015 18:40:23 - [system] Logs initialized successfully.
3/21/2015 18:40:23 - [system] Window initialized successfully.
3/21/2015 18:40:23 - [system] World commands initialized successfully.
3/21/2015 18:40:23 - [system] World messages initialized successfully.
3/21/2015 18:40:23 - [system] World channels initialized successfully.
3/21/2015 18:40:23 - [system] Init took:  0.144180
3/21/2015 18:40:23 - [system] Listen socket initialized successfully.
3/21/2015 18:40:23 - [system] Heartbeat timer created.
3/21/2015 18:40:23 - [system] Heartbeat timer set.
3/21/2015 18:40:23 - [system] Game loop init
3/21/2015 18:40:49 - [system] Logs initialized successfully.
3/21/2015 18:40:49 - [system] Window initialized successfully.
3/21/2015 18:40:49 - [system] World commands initialized successfully.
3/21/2015 18:40:49 - [system] World messages initialized successfully.
3/21/2015 18:40:49 - [system] World channels initialized successfully.
3/21/2015 18:40:49 - [system] Init took:  0.137171
3/21/2015 18:40:49 - [system] Listen socket initialized successfully.
3/21/2015 18:40:49 - [system] Heartbeat timer created.
3/21/2015 18:40:49 - [system] Heartbeat timer set.
3/21/2015 18:40:49 - [system] Game loop init
3/21/2015 18:42:42 - [system] Logs initialized successfully.
3/21/2015 18:42:42 - [system] Window initialized successfully.
3/21/2015 18:42:42 - [system] World commands initialized successfully.
3/21/2015 18:42:42 - [system] World messages initialized successfully.
3/21/2015 18:42:42 - [system] World channels initialized successfully.
3/21/2015 18:42:42 - [system] Init took:  0.129151
3/21/2015 18:42:42 - [system] Listen socket initialized successfully.
3/21/2015 18:42:42 - [system] Heartbeat timer created.
3/21/2015 18:42:42 - [system] Heartbeat timer set.
3/21/2015 18:42:42 - [system] Game loop init
3/21/2015 18:49:27 - [system] Logs initialized successfully.
3/21/2015 18:49:27 - [system] Window initialized successfully.
3/21/2015 18:49:27 - [system] World commands initialized successfully.
3/21/2015 18:49:27 - [system] World messages initialized successfully.
3/21/2015 18:49:27 - [system] World channels initialized successfully.
3/21/2015 18:49:27 - [system] Init took:  0.125156
3/21/2015 18:49:27 - [system] Listen socket initialized successfully.
3/21/2015 18:49:27 - [system] Heartbeat timer created.
3/21/2015 18:49:27 - [system] Heartbeat timer set.
3/21/2015 18:49:27 - [system] Game loop init
3/21/2015 18:54:12 - [system] Logs initialized successfully.
3/21/2015 18:54:12 - [system] Window initialized successfully.
3/21/2015 18:54:12 - [system] World commands initialized successfully.
3/21/2015 18:54:12 - [system] World messages initialized successfully.
3/21/2015 18:54:12 - [system] World channels initialized successfully.
3/21/2015 18:54:12 - [system] Init took:  0.112125
3/21/2015 18:54:13 - [system] Listen socket initialized successfully.
3/21/2015 18:54:13 - [system] Heartbeat timer created.
3/21/2015 18:54:13 - [system] Heartbeat timer set.
3/21/2015 18:54:13 - [system] Game loop init
3/21/2015 18:57:48 - [system] Logs initialized successfully.
3/21/2015 18:57:48 - [system] Window initialized successfully.
3/21/2015 18:57:48 - [system] World commands initialized successfully.
3/21/2015 18:57:48 - [system] World messages initialized successfully.
3/21/2015 18:57:48 - [system] World channels initialized successfully.
3/21/2015 18:57:48 - [system] Init took:  0.121150
3/21/2015 18:57:48 - [system] Listen socket initialized successfully.
3/21/2015 18:57:48 - [system] Heartbeat timer created.
3/21/2015 18:57:48 - [system] Heartbeat timer set.
3/21/2015 18:57:48 - [system] Game loop init
3/21/2015 19:0:9 - [system] Logs initialized successfully.
3/21/2015 19:0:9 - [system] Window initialized successfully.
3/21/2015 19:0:9 - [system] World commands initialized successfully.
3/21/2015 19:0:9 - [system] World messages initialized successfully.
3/21/2015 19:0:9 - [system] World channels initialized successfully.
3/21/2015 19:0:9 - [system] Init took:  0.121142
3/21/2015 19:0:9 - [system] Listen socket initialized successfully.
3/21/2015 19:0:9 - [system] Heartbeat timer created.
3/21/2015 19:0:9 - [system] Heartbeat timer set.
3/21/2015 19:0:9 - [system] Game loop init
3/21/2015 19:1:22 - [system] Logs initialized successfully.
3/21/2015 19:1:22 - [system] Window initialized successfully.
3/21/2015 19:1:22 - [system] World commands initialized successfully.
3/21/2015 19:1:22 - [system] World messages initialized successfully.
3/21/2015 19:1:22 - [system] World channels initialized successfully.
3/21/2015 19:1:22 - [system] Init took:  0.130154
3/21/2015 19:1:23 - [system] Listen socket initialized successfully.
3/21/2015 19:1:23 - [system] Heartbeat timer created.
3/21/2015 19:1:23 - [system] Heartbeat timer set.
3/21/2015 19:1:23 - [system] Game loop init
3/21/2015 19:3:29 - [system] Logs initialized successfully.
3/21/2015 19:3:29 - [system] Window initialized successfully.
3/21/2015 19:3:29 - [system] World commands initialized successfully.
3/21/2015 19:3:29 - [system] World messages initialized successfully.
3/21/2015 19:3:29 - [system] World channels initialized successfully.
3/21/2015 19:3:29 - [system] Init took:  0.116144
3/21/2015 19:3:29 - [system] Listen socket initialized successfully.
3/21/2015 19:3:29 - [system] Heartbeat timer created.
3/21/2015 19:3:29 - [system] Heartbeat timer set.
3/21/2015 19:3:29 - [system] Game loop init
3/21/2015 19:7:4 - [system] Logs initialized successfully.
3/21/2015 19:7:4 - [system] Window initialized successfully.
3/21/2015 19:7:4 - [system] World commands initialized successfully.
3/21/2015 19:7:4 - [system] World messages initialized successfully.
3/21/2015 19:7:4 - [system] World channels initialized successfully.
3/21/2015 19:7:4 - [system] Init took:  0.115133
3/21/2015 19:7:4 - [system] Listen socket initialized successfully.
3/21/2015 19:7:4 - [system] Heartbeat timer created.
3/21/2015 19:7:4 - [system] Heartbeat timer set.
3/21/2015 19:7:4 - [system] Game loop init
3/21/2015 19:9:51 - [system] Logs initialized successfully.
3/21/2015 19:9:51 - [system] Window initialized successfully.
3/21/2015 19:9:51 - [system] World commands initialized successfully.
3/21/2015 19:9:51 - [system] World messages initialized successfully.
3/21/2015 19:9:51 - [system] World channels initialized successfully.
3/21/2015 19:9:51 - [system] Init took:  0.123154
3/21/2015 19:9:51 - [system] Listen socket initialized successfully.
3/21/2015 19:9:51 - [system] Heartbeat timer created.
3/21/2015 19:9:51 - [system] Heartbeat timer set.
3/21/2015 19:9:51 - [system] Game loop init
3/21/2015 19:12:22 - [system] Logs initialized successfully.
3/21/2015 19:12:22 - [system] Window initialized successfully.
3/21/2015 19:12:22 - [system] World commands initialized successfully.
3/21/2015 19:12:22 - [system] World messages initialized successfully.
3/21/2015 19:12:22 - [system] World channels initialized successfully.
3/21/2015 19:12:22 - [system] Init took:  0.187220
3/21/2015 19:12:22 - [system] Listen socket initialized successfully.
3/21/2015 19:12:22 - [system] Heartbeat timer created.
3/21/2015 19:12:22 - [system] Heartbeat timer set.
3/21/2015 19:12:22 - [system] Game loop init
3/21/2015 19:13:7 - [system] Logs initialized successfully.
3/21/2015 19:13:8 - [system] Window initialized successfully.
3/21/2015 19:13:8 - [system] World commands initialized successfully.
3/21/2015 19:13:8 - [system] World messages initialized successfully.
3/21/2015 19:13:8 - [system] World channels initialized successfully.
3/21/2015 19:13:8 - [system] Init took:  0.129161
3/21/2015 19:13:8 - [system] Listen socket initialized successfully.
3/21/2015 19:13:8 - [system] Heartbeat timer created.
3/21/2015 19:13:8 - [system] Heartbeat timer set.
3/21/2015 19:13:8 - [system] Game loop init
3/21/2015 19:14:13 - [system] Logs initialized successfully.
3/21/2015 19:14:13 - [system] Window initialized successfully.
3/21/2015 19:14:13 - [system] World commands initialized successfully.
3/21/2015 19:14:13 - [system] World messages initialized successfully.
3/21/2015 19:14:13 - [system] World channels initialized successfully.
3/21/2015 19:14:13 - [system] Init took:  0.128160
3/21/2015 19:14:13 - [system] Listen socket initialized successfully.
3/21/2015 19:14:13 - [system] Heartbeat timer created.
3/21/2015 19:14:13 - [system] Heartbeat timer set.
3/21/2015 19:14:13 - [system] Game loop init
3/21/2015 19:15:15 - [system] Logs initialized successfully.
3/21/2015 19:15:15 - [system] Window initialized successfully.
3/21/2015 19:15:15 - [system] World commands initialized successfully.
3/21/2015 19:15:15 - [system] World messages initialized successfully.
3/21/2015 19:15:15 - [system] World channels initialized successfully.
3/21/2015 19:15:15 - [system] Init took:  0.113141
3/21/2015 19:15:15 - [system] Listen socket initialized successfully.
3/21/2015 19:15:15 - [system] Heartbeat timer created.
3/21/2015 19:15:15 - [system] Heartbeat timer set.
3/21/2015 19:15:15 - [system] Game loop init
3/21/2015 19:16:35 - [system] Logs initialized successfully.
3/21/2015 19:16:36 - [system] Window initialized successfully.
3/21/2015 19:16:36 - [system] World commands initialized successfully.
3/21/2015 19:16:36 - [system] World messages initialized successfully.
3/21/2015 19:16:36 - [system] World channels initialized successfully.
3/21/2015 19:16:36 - [system] Init took:  0.115144
3/21/2015 19:16:36 - [system] Listen socket initialized successfully.
3/21/2015 19:16:36 - [system] Heartbeat timer created.
3/21/2015 19:16:36 - [system] Heartbeat timer set.
3/21/2015 19:16:36 - [system] Game loop init
3/21/2015 19:19:41 - [system] Logs initialized successfully.
3/21/2015 19:19:41 - [system] Window initialized successfully.
3/21/2015 19:19:41 - [system] World commands initialized successfully.
3/21/2015 19:19:41 - [system] World messages initialized successfully.
3/21/2015 19:19:41 - [system] World channels initialized successfully.
3/21/2015 19:19:41 - [system] Init took:  0.104630
3/21/2015 19:19:41 - [system] Listen socket initialized successfully.
3/21/2015 19:19:41 - [system] Heartbeat timer created.
3/21/2015 19:19:41 - [system] Heartbeat timer set.
3/21/2015 19:19:41 - [system] Game loop init
3/21/2015 19:21:20 - [system] Logs initialized successfully.
3/21/2015 19:21:20 - [system] Window initialized successfully.
3/21/2015 19:21:20 - [system] World commands initialized successfully.
3/21/2015 19:21:20 - [system] World messages initialized successfully.
3/21/2015 19:21:20 - [system] World channels initialized successfully.
3/21/2015 19:21:20 - [system] Init took:  0.115144
3/21/2015 19:21:20 - [system] Listen socket initialized successfully.
3/21/2015 19:21:20 - [system] Heartbeat timer created.
3/21/2015 19:21:20 - [system] Heartbeat timer set.
3/21/2015 19:21:20 - [system] Game loop init
3/21/2015 19:21:57 - [system] Logs initialized successfully.
3/21/2015 19:21:57 - [system] Window initialized successfully.
3/21/2015 19:21:57 - [system] World commands initialized successfully.
3/21/2015 19:21:57 - [system] World messages initialized successfully.
3/21/2015 19:21:57 - [system] World channels initialized successfully.
3/21/2015 19:21:57 - [system] Init took:  0.116130
3/21/2015 19:21:57 - [system] Listen socket initialized successfully.
3/21/2015 19:21:57 - [system] Heartbeat timer created.
3/21/2015 19:21:57 - [system] Heartbeat timer set.
3/21/2015 19:21:57 - [system] Game loop init
3/21/2015 19:22:57 - [system] Logs initialized successfully.
3/21/2015 19:22:57 - [system] Window initialized successfully.
3/21/2015 19:22:57 - [system] World commands initialized successfully.
3/21/2015 19:22:57 - [system] World messages initialized successfully.
3/21/2015 19:22:57 - [system] World channels initialized successfully.
3/21/2015 19:22:57 - [system] Init took:  0.145183
3/21/2015 19:22:57 - [system] Listen socket initialized successfully.
3/21/2015 19:22:57 - [system] Heartbeat timer created.
3/21/2015 19:22:57 - [system] Heartbeat timer set.
3/21/2015 19:22:57 - [system] Game loop init
3/21/2015 19:23:57 - [system] Logs initialized successfully.
3/21/2015 19:23:57 - [system] Window initialized successfully.
3/21/2015 19:23:57 - [system] World commands initialized successfully.
3/21/2015 19:23:57 - [system] World messages initialized successfully.
3/21/2015 19:23:57 - [system] World channels initialized successfully.
3/21/2015 19:23:57 - [system] Init took:  0.118147
3/21/2015 19:23:57 - [system] Listen socket initialized successfully.
3/21/2015 19:23:57 - [system] Heartbeat timer created.
3/21/2015 19:23:57 - [system] Heartbeat timer set.
3/21/2015 19:23:57 - [system] Game loop init
3/21/2015 19:24:45 - [system] Logs initialized successfully.
3/21/2015 19:24:45 - [system] Window initialized successfully.
3/21/2015 19:24:45 - [system] World commands initialized successfully.
3/21/2015 19:24:45 - [system] World messages initialized successfully.
3/21/2015 19:24:45 - [system] World channels initialized successfully.
3/21/2015 19:24:45 - [system] Init took:  0.106132
3/21/2015 19:24:45 - [system] Listen socket initialized successfully.
3/21/2015 19:24:45 - [system] Heartbeat timer created.
3/21/2015 19:24:45 - [system] Heartbeat timer set.
3/21/2015 19:24:45 - [system] Game loop init
3/21/2015 19:25:34 - [system] Logs initialized successfully.
3/21/2015 19:25:34 - [system] Window initialized successfully.
3/21/2015 19:25:34 - [system] World commands initialized successfully.
3/21/2015 19:25:34 - [system] World messages initialized successfully.
3/21/2015 19:25:34 - [system] World channels initialized successfully.
3/21/2015 19:25:34 - [system] Init took:  0.140174
3/21/2015 19:25:34 - [system] Listen socket initialized successfully.
3/21/2015 19:25:34 - [system] Heartbeat timer created.
3/21/2015 19:25:34 - [system] Heartbeat timer set.
3/21/2015 19:25:34 - [system] Game loop init
3/21/2015 19:26:11 - [system] Logs initialized successfully.
3/21/2015 19:26:11 - [system] Window initialized successfully.
3/21/2015 19:26:12 - [system] World commands initialized successfully.
3/21/2015 19:26:12 - [system] World messages initialized successfully.
3/21/2015 19:26:12 - [system] World channels initialized successfully.
3/21/2015 19:26:12 - [system] Init took:  0.106133
3/21/2015 19:26:12 - [system] Listen socket initialized successfully.
3/21/2015 19:26:12 - [system] Heartbeat timer created.
3/21/2015 19:26:12 - [system] Heartbeat timer set.
3/21/2015 19:26:12 - [system] Game loop init
3/21/2015 19:28:46 - [system] Logs initialized successfully.
3/21/2015 19:28:46 - [system] Window initialized successfully.
3/21/2015 19:28:46 - [system] World commands initialized successfully.
3/21/2015 19:28:46 - [system] World messages initialized successfully.
3/21/2015 19:28:46 - [system] World channels initialized successfully.
3/21/2015 19:28:46 - [system] Init took:  0
3/21/2015 19:28:46 - [system] Listen socket initialized successfully.
3/21/2015 19:28:46 - [system] Heartbeat timer created.
3/21/2015 19:28:46 - [system] Heartbeat timer set.
3/21/2015 19:28:46 - [system] Game loop init
3/21/2015 19:30:4 - [system] Logs initialized successfully.
3/21/2015 19:30:4 - [system] Window initialized successfully.
3/21/2015 19:30:4 - [system] World commands initialized successfully.
3/21/2015 19:30:4 - [system] World messages initialized successfully.
3/21/2015 19:30:4 - [system] World channels initialized successfully.
3/21/2015 19:30:4 - [system] Init took:  0
3/21/2015 19:30:4 - [system] Listen socket initialized successfully.
3/21/2015 19:30:4 - [system] Heartbeat timer created.
3/21/2015 19:30:4 - [system] Heartbeat timer set.
3/21/2015 19:30:4 - [system] Game loop init
3/21/2015 19:32:3 - [system] Logs initialized successfully.
3/21/2015 19:32:3 - [system] Window initialized successfully.
3/21/2015 19:32:3 - [system] World commands initialized successfully.
3/21/2015 19:32:3 - [system] World messages initialized successfully.
3/21/2015 19:32:3 - [system] World channels initialized successfully.
3/21/2015 19:32:3 - [system] Init took:  0.162189
3/21/2015 19:32:3 - [system] Listen socket initialized successfully.
3/21/2015 19:32:3 - [system] Heartbeat timer created.
3/21/2015 19:32:3 - [system] Heartbeat timer set.
3/21/2015 19:32:3 - [system] Game loop init
3/21/2015 19:35:59 - [system] Logs initialized successfully.
3/21/2015 19:35:59 - [system] Window initialized successfully.
3/21/2015 19:35:59 - [system] World commands initialized successfully.
3/21/2015 19:35:59 - [system] World messages initialized successfully.
3/21/2015 19:35:59 - [system] World channels initialized successfully.
3/21/2015 19:35:59 - [system] Init took:  0.113142
3/21/2015 19:35:59 - [system] Listen socket initialized successfully.
3/21/2015 19:35:59 - [system] Heartbeat timer created.
3/21/2015 19:35:59 - [system] Heartbeat timer set.
3/21/2015 19:35:59 - [system] Game loop init
3/21/2015 19:40:53 - [system] Logs initialized successfully.
3/21/2015 19:40:54 - [system] Window initialized successfully.
3/21/2015 19:40:54 - [system] World commands initialized successfully.
3/21/2015 19:40:54 - [system] World messages initialized successfully.
3/21/2015 19:40:54 - [system] World channels initialized successfully.
3/21/2015 19:40:54 - [system] Init took:  0.115128
3/21/2015 19:40:54 - [system] Listen socket initialized successfully.
3/21/2015 19:40:54 - [system] Heartbeat timer created.
3/21/2015 19:40:54 - [system] Heartbeat timer set.
3/21/2015 19:40:54 - [system] Game loop init
3/21/2015 19:59:14 - [system] Logs initialized successfully.
3/21/2015 19:59:14 - [system] Window initialized successfully.
3/21/2015 19:59:14 - [system] World commands initialized successfully.
3/21/2015 19:59:14 - [system] World messages initialized successfully.
3/21/2015 19:59:14 - [system] World channels initialized successfully.
3/21/2015 19:59:14 - [system] Init took:  0.118147
3/21/2015 19:59:14 - [system] Listen socket initialized successfully.
3/21/2015 19:59:14 - [system] Heartbeat timer created.
3/21/2015 19:59:14 - [system] Heartbeat timer set.
3/21/2015 19:59:14 - [system] Game loop init
3/21/2015 20:10:6 - [system] Logs initialized successfully.
3/21/2015 20:10:6 - [system] Window initialized successfully.
3/21/2015 20:10:6 - [system] World commands initialized successfully.
3/21/2015 20:10:6 - [system] World messages initialized successfully.
3/21/2015 20:10:6 - [system] World channels initialized successfully.
3/21/2015 20:10:6 - [system] Init took:  0.113142
3/21/2015 20:10:6 - [system] Listen socket initialized successfully.
3/21/2015 20:10:6 - [system] Heartbeat timer created.
3/21/2015 20:10:6 - [system] Heartbeat timer set.
3/21/2015 20:10:6 - [system] Game loop init
3/21/2015 20:14:34 - [system] Logs initialized successfully.
3/21/2015 20:14:34 - [system] Window initialized successfully.
3/21/2015 20:14:34 - [system] World commands initialized successfully.
3/21/2015 20:14:34 - [system] World messages initialized successfully.
3/21/2015 20:14:34 - [system] World channels initialized successfully.
3/21/2015 20:14:34 - [system] Init took:  0.105118
3/21/2015 20:14:34 - [system] Listen socket initialized successfully.
3/21/2015 20:14:34 - [system] Heartbeat timer created.
3/21/2015 20:14:34 - [system] Heartbeat timer set.
3/21/2015 20:14:34 - [system] Game loop init
3/21/2015 20:20:45 - [system] Logs initialized successfully.
3/21/2015 20:20:45 - [system] Window initialized successfully.
3/21/2015 20:20:45 - [system] World commands initialized successfully.
3/21/2015 20:20:45 - [system] World messages initialized successfully.
3/21/2015 20:20:45 - [system] World channels initialized successfully.
3/21/2015 20:20:45 - [system] Init took:  0.249309
3/21/2015 20:20:45 - [system] Listen socket initialized successfully.
3/21/2015 20:20:45 - [system] Heartbeat timer created.
3/21/2015 20:20:45 - [system] Heartbeat timer set.
3/21/2015 20:20:45 - [system] Game loop init
3/21/2015 20:21:32 - [system] Logs initialized successfully.
3/21/2015 20:21:32 - [system] Window initialized successfully.
3/21/2015 20:21:32 - [system] World commands initialized successfully.
3/21/2015 20:21:32 - [system] World messages initialized successfully.
3/21/2015 20:21:32 - [system] World channels initialized successfully.
3/21/2015 20:21:32 - [system] Init took:  0.171199
3/21/2015 20:21:32 - [system] Listen socket initialized successfully.
3/21/2015 20:21:32 - [system] Heartbeat timer created.
3/21/2015 20:21:32 - [system] Heartbeat timer set.
3/21/2015 20:21:32 - [system] Game loop init
3/21/2015 20:22:51 - [system] Logs initialized successfully.
3/21/2015 20:22:51 - [system] Window initialized successfully.
3/21/2015 20:22:51 - [system] World commands initialized successfully.
3/21/2015 20:22:51 - [system] World messages initialized successfully.
3/21/2015 20:22:51 - [system] World channels initialized successfully.
3/21/2015 20:22:51 - [system] Init took:  0.123140
3/21/2015 20:22:51 - [system] Listen socket initialized successfully.
3/21/2015 20:22:51 - [system] Heartbeat timer created.
3/21/2015 20:22:51 - [system] Heartbeat timer set.
3/21/2015 20:22:51 - [system] Game loop init
3/21/2015 20:42:56 - [system] Logs initialized successfully.
3/21/2015 20:42:56 - [system] Window initialized successfully.
3/21/2015 20:42:56 - [system] World commands initialized successfully.
3/21/2015 20:42:56 - [system] World messages initialized successfully.
3/21/2015 20:42:56 - [system] World channels initialized successfully.
3/21/2015 20:42:56 - [system] Listen socket initialized successfully.
3/21/2015 20:42:56 - [system] Heartbeat timer created.
3/21/2015 20:42:56 - [system] Heartbeat timer set.
3/21/2015 20:42:56 - [system] Game loop init
3/21/2015 20:43:56 - [system] Logs initialized successfully.
3/21/2015 20:43:56 - [system] Window initialized successfully.
3/21/2015 20:43:56 - [system] World commands initialized successfully.
3/21/2015 20:43:56 - [system] World messages initialized successfully.
3/21/2015 20:43:56 - [system] World channels initialized successfully.
3/21/2015 20:43:56 - [system] Listen socket initialized successfully.
3/21/2015 20:43:56 - [system] Heartbeat timer created.
3/21/2015 20:43:56 - [system] Heartbeat timer set.
3/21/2015 20:43:56 - [system] Game loop init
3/21/2015 20:48:1 - [system] Logs initialized successfully.
3/21/2015 20:48:2 - [system] Window initialized successfully.
3/21/2015 20:48:2 - [system] World commands initialized successfully.
3/21/2015 20:48:2 - [system] World messages initialized successfully.
3/21/2015 20:48:2 - [system] World channels initialized successfully.
3/21/2015 20:48:2 - [system] Listen socket initialized successfully.
3/21/2015 20:48:2 - [system] Heartbeat timer created.
3/21/2015 20:48:2 - [system] Heartbeat timer set.
3/21/2015 20:48:2 - [system] Game loop init
3/21/2015 20:53:29 - [system] Logs initialized successfully.
3/21/2015 20:53:29 - [system] Window initialized successfully.
3/21/2015 20:53:29 - [system] World commands initialized successfully.
3/21/2015 20:53:29 - [system] World messages initialized successfully.
3/21/2015 20:53:29 - [system] World channels initialized successfully.
3/21/2015 20:53:29 - [system] Listen socket initialized successfully.
3/21/2015 20:53:29 - [system] Heartbeat timer created.
3/21/2015 20:53:29 - [system] Heartbeat timer set.
3/21/2015 20:53:29 - [system] Game loop init
3/21/2015 20:56:44 - [system] Logs initialized successfully.
3/21/2015 20:56:44 - [system] Window initialized successfully.
3/21/2015 20:56:44 - [system] World commands initialized successfully.
3/21/2015 20:56:44 - [system] World messages initialized successfully.
3/21/2015 20:56:44 - [system] World channels initialized successfully.
3/21/2015 20:56:44 - [system] Listen socket initialized successfully.
3/21/2015 20:56:44 - [system] Heartbeat timer created.
3/21/2015 20:56:44 - [system] Heartbeat timer set.
3/21/2015 20:56:44 - [system] Game loop init
3/21/2015 20:57:18 - [system] Logs initialized successfully.
3/21/2015 20:57:18 - [system] Window initialized successfully.
3/21/2015 20:57:18 - [system] World commands initialized successfully.
3/21/2015 20:57:18 - [system] World messages initialized successfully.
3/21/2015 20:57:18 - [system] World channels initialized successfully.
3/21/2015 20:57:18 - [system] Listen socket initialized successfully.
3/21/2015 20:57:18 - [system] Heartbeat timer created.
3/21/2015 20:57:18 - [system] Heartbeat timer set.
3/21/2015 20:57:18 - [system] Game loop init
3/21/2015 21:23:34 - [system] Game loop init
3/21/2015 21:24:36 - [system] Game loop init
3/21/2015 21:35:13 - [system] Game loop init
3/21/2015 21:37:34 - [system] Game loop init
3/21/2015 21:40:7 - [system] Game loop init
4/24/2015 12:18:42 - [system] Init complete - game loop starting.
6/6/2015 20:35:7 - [system] Init complete - game loop starting.
6/7/2015 17:4:19 - [system] Init complete - game loop starting.
6/7/2015 17:20:44 - [system] Init complete - game loop starting.
